<?xml version="1.0" encoding="utf-8"?><testsuites name="pytest tests"><testsuite name="pytest" errors="0" failures="0" skipped="0" tests="5" time="2.554" timestamp="2026-05-30T20:18:38.348758+00:00" hostname="agent-env-7321748b-ef3e-4d55-afc4-47e8bcad9868"><testcase classname="backend.tests.test_builder_apis.TestBuilderRoute" name="test_builder_page_loads" time="0.246" /><testcase classname="backend.tests.test_builder_apis.TestExportAPI" name="test_export_valid_doc_returns_files" time="0.117" /><testcase classname="backend.tests.test_builder_apis.TestExportAPI" name="test_export_invalid_doc_returns_422" time="0.131" /><testcase classname="backend.tests.test_builder_apis.TestStreamAPI" name="test_stream_emits_sse_events" time="1.841" /><testcase classname="backend.tests.test_builder_apis.TestStreamAPI" name="test_stream_invalid_request_handled" time="0.152" /></testsuite></testsuites>